<?xml version="1.0" encoding="UTF-8"?>
<testsuite xmlns:xsi="http://www.w3.org/2001/XMLSchema-instance" xsi:noNamespaceSchemaLocation="https://maven.apache.org/surefire/maven-surefire-plugin/xsd/surefire-test-report.xsd" name="cn.enjoy.test.UserTest" time="4.627" tests="2" errors="0" skipped="0" failures="0">
  <properties>
    <property name="sun.desktop" value="windows"/>
    <property name="awt.toolkit" value="sun.awt.windows.WToolkit"/>
    <property name="file.encoding.pkg" value="sun.io"/>
    <property name="java.specification.version" value="1.8"/>
    <property name="sun.cpu.isalist" value="amd64"/>
    <property name="sun.jnu.encoding" value="GBK"/>
    <property name="java.class.path" value="F:\IDEAWoekspace\springbootvip\target\test-classes;F:\IDEAWoekspace\springbootvip\target\classes;D:\maven\mavenrepository\org\springframework\boot\spring-boot-starter-web\2.1.2.RELEASE\spring-boot-starter-web-2.1.2.RELEASE.jar;D:\maven\mavenrepository\org\springframework\boot\spring-boot-starter\2.1.2.RELEASE\spring-boot-starter-2.1.2.RELEASE.jar;D:\maven\mavenrepository\javax\annotation\javax.annotation-api\1.3.2\javax.annotation-api-1.3.2.jar;D:\maven\mavenrepository\org\yaml\snakeyaml\1.23\snakeyaml-1.23.jar;D:\maven\mavenrepository\org\springframework\boot\spring-boot-starter-json\2.1.2.RELEASE\spring-boot-starter-json-2.1.2.RELEASE.jar;D:\maven\mavenrepository\com\fasterxml\jackson\core\jackson-databind\2.9.8\jackson-databind-2.9.8.jar;D:\maven\mavenrepository\com\fasterxml\jackson\core\jackson-core\2.9.8\jackson-core-2.9.8.jar;D:\maven\mavenrepository\com\fasterxml\jackson\datatype\jackson-datatype-jdk8\2.9.8\jackson-datatype-jdk8-2.9.8.jar;D:\maven\mavenrepository\com\fasterxml\jackson\datatype\jackson-datatype-jsr310\2.9.8\jackson-datatype-jsr310-2.9.8.jar;D:\maven\mavenrepository\com\fasterxml\jackson\module\jackson-module-parameter-names\2.9.8\jackson-module-parameter-names-2.9.8.jar;D:\maven\mavenrepository\org\springframework\boot\spring-boot-starter-tomcat\2.1.2.RELEASE\spring-boot-starter-tomcat-2.1.2.RELEASE.jar;D:\maven\mavenrepository\org\apache\tomcat\embed\tomcat-embed-core\9.0.14\tomcat-embed-core-9.0.14.jar;D:\maven\mavenrepository\org\apache\tomcat\embed\tomcat-embed-el\9.0.14\tomcat-embed-el-9.0.14.jar;D:\maven\mavenrepository\org\apache\tomcat\embed\tomcat-embed-websocket\9.0.14\tomcat-embed-websocket-9.0.14.jar;D:\maven\mavenrepository\org\hibernate\validator\hibernate-validator\6.0.14.Final\hibernate-validator-6.0.14.Final.jar;D:\maven\mavenrepository\javax\validation\validation-api\2.0.1.Final\validation-api-2.0.1.Final.jar;D:\maven\mavenrepository\org\jboss\logging\jboss-logging\3.3.2.Final\jboss-logging-3.3.2.Final.jar;D:\maven\mavenrepository\org\springframework\spring-web\5.1.4.RELEASE\spring-web-5.1.4.RELEASE.jar;D:\maven\mavenrepository\org\springframework\spring-beans\5.1.4.RELEASE\spring-beans-5.1.4.RELEASE.jar;D:\maven\mavenrepository\org\springframework\spring-webmvc\5.1.4.RELEASE\spring-webmvc-5.1.4.RELEASE.jar;D:\maven\mavenrepository\org\springframework\spring-context\5.1.4.RELEASE\spring-context-5.1.4.RELEASE.jar;D:\maven\mavenrepository\org\springframework\spring-expression\5.1.4.RELEASE\spring-expression-5.1.4.RELEASE.jar;D:\maven\mavenrepository\org\springframework\boot\spring-boot-starter-log4j2\2.1.2.RELEASE\spring-boot-starter-log4j2-2.1.2.RELEASE.jar;D:\maven\mavenrepository\org\apache\logging\log4j\log4j-slf4j-impl\2.11.1\log4j-slf4j-impl-2.11.1.jar;D:\maven\mavenrepository\org\apache\logging\log4j\log4j-api\2.11.1\log4j-api-2.11.1.jar;D:\maven\mavenrepository\org\apache\logging\log4j\log4j-core\2.11.1\log4j-core-2.11.1.jar;D:\maven\mavenrepository\org\apache\logging\log4j\log4j-jul\2.11.1\log4j-jul-2.11.1.jar;D:\maven\mavenrepository\org\slf4j\jul-to-slf4j\1.7.25\jul-to-slf4j-1.7.25.jar;D:\maven\mavenrepository\org\mybatis\spring\boot\mybatis-spring-boot-starter\1.2.0\mybatis-spring-boot-starter-1.2.0.jar;D:\maven\mavenrepository\org\springframework\boot\spring-boot-starter-jdbc\2.1.2.RELEASE\spring-boot-starter-jdbc-2.1.2.RELEASE.jar;D:\maven\mavenrepository\com\zaxxer\HikariCP\3.2.0\HikariCP-3.2.0.jar;D:\maven\mavenrepository\org\springframework\spring-jdbc\5.1.4.RELEASE\spring-jdbc-5.1.4.RELEASE.jar;D:\maven\mavenrepository\org\springframework\spring-tx\5.1.4.RELEASE\spring-tx-5.1.4.RELEASE.jar;D:\maven\mavenrepository\org\mybatis\spring\boot\mybatis-spring-boot-autoconfigure\1.2.0\mybatis-spring-boot-autoconfigure-1.2.0.jar;D:\maven\mavenrepository\org\mybatis\mybatis\3.4.2\mybatis-3.4.2.jar;D:\maven\mavenrepository\org\mybatis\mybatis-spring\1.3.1\mybatis-spring-1.3.1.jar;D:\maven\mavenrepository\mysql\mysql-connector-java\8.0.13\mysql-connector-java-8.0.13.jar;D:\maven\mavenrepository\org\springframework\boot\spring-boot-starter-test\2.1.2.RELEASE\spring-boot-starter-test-2.1.2.RELEASE.jar;D:\maven\mavenrepository\org\springframework\boot\spring-boot-test\2.1.2.RELEASE\spring-boot-test-2.1.2.RELEASE.jar;D:\maven\mavenrepository\org\springframework\boot\spring-boot-test-autoconfigure\2.1.2.RELEASE\spring-boot-test-autoconfigure-2.1.2.RELEASE.jar;D:\maven\mavenrepository\com\jayway\jsonpath\json-path\2.4.0\json-path-2.4.0.jar;D:\maven\mavenrepository\net\minidev\json-smart\2.3\json-smart-2.3.jar;D:\maven\mavenrepository\net\minidev\accessors-smart\1.2\accessors-smart-1.2.jar;D:\maven\mavenrepository\org\ow2\asm\asm\5.0.4\asm-5.0.4.jar;D:\maven\mavenrepository\junit\junit\4.12\junit-4.12.jar;D:\maven\mavenrepository\org\assertj\assertj-core\3.11.1\assertj-core-3.11.1.jar;D:\maven\mavenrepository\org\mockito\mockito-core\2.23.4\mockito-core-2.23.4.jar;D:\maven\mavenrepository\net\bytebuddy\byte-buddy\1.9.7\byte-buddy-1.9.7.jar;D:\maven\mavenrepository\net\bytebuddy\byte-buddy-agent\1.9.7\byte-buddy-agent-1.9.7.jar;D:\maven\mavenrepository\org\objenesis\objenesis\2.6\objenesis-2.6.jar;D:\maven\mavenrepository\org\hamcrest\hamcrest-core\1.3\hamcrest-core-1.3.jar;D:\maven\mavenrepository\org\hamcrest\hamcrest-library\1.3\hamcrest-library-1.3.jar;D:\maven\mavenrepository\org\skyscreamer\jsonassert\1.5.0\jsonassert-1.5.0.jar;D:\maven\mavenrepository\com\vaadin\external\google\android-json\0.0.20131108.vaadin1\android-json-0.0.20131108.vaadin1.jar;D:\maven\mavenrepository\org\springframework\spring-core\5.1.4.RELEASE\spring-core-5.1.4.RELEASE.jar;D:\maven\mavenrepository\org\springframework\spring-jcl\5.1.4.RELEASE\spring-jcl-5.1.4.RELEASE.jar;D:\maven\mavenrepository\org\springframework\spring-test\5.1.4.RELEASE\spring-test-5.1.4.RELEASE.jar;D:\maven\mavenrepository\org\xmlunit\xmlunit-core\2.6.2\xmlunit-core-2.6.2.jar;D:\maven\mavenrepository\org\springframework\boot\spring-boot-starter-thymeleaf\2.1.2.RELEASE\spring-boot-starter-thymeleaf-2.1.2.RELEASE.jar;D:\maven\mavenrepository\org\thymeleaf\thymeleaf-spring5\3.0.11.RELEASE\thymeleaf-spring5-3.0.11.RELEASE.jar;D:\maven\mavenrepository\org\thymeleaf\thymeleaf\3.0.11.RELEASE\thymeleaf-3.0.11.RELEASE.jar;D:\maven\mavenrepository\org\attoparser\attoparser\2.0.5.RELEASE\attoparser-2.0.5.RELEASE.jar;D:\maven\mavenrepository\org\unbescape\unbescape\1.1.6.RELEASE\unbescape-1.1.6.RELEASE.jar;D:\maven\mavenrepository\org\thymeleaf\extras\thymeleaf-extras-java8time\3.0.2.RELEASE\thymeleaf-extras-java8time-3.0.2.RELEASE.jar;D:\maven\mavenrepository\io\springfox\springfox-swagger2\2.7.0\springfox-swagger2-2.7.0.jar;D:\maven\mavenrepository\io\swagger\swagger-annotations\1.5.13\swagger-annotations-1.5.13.jar;D:\maven\mavenrepository\io\swagger\swagger-models\1.5.13\swagger-models-1.5.13.jar;D:\maven\mavenrepository\com\fasterxml\jackson\core\jackson-annotations\2.9.0\jackson-annotations-2.9.0.jar;D:\maven\mavenrepository\io\springfox\springfox-spi\2.7.0\springfox-spi-2.7.0.jar;D:\maven\mavenrepository\io\springfox\springfox-core\2.7.0\springfox-core-2.7.0.jar;D:\maven\mavenrepository\io\springfox\springfox-schema\2.7.0\springfox-schema-2.7.0.jar;D:\maven\mavenrepository\io\springfox\springfox-swagger-common\2.7.0\springfox-swagger-common-2.7.0.jar;D:\maven\mavenrepository\io\springfox\springfox-spring-web\2.7.0\springfox-spring-web-2.7.0.jar;D:\maven\mavenrepository\org\reflections\reflections\0.9.11\reflections-0.9.11.jar;D:\maven\mavenrepository\org\javassist\javassist\3.21.0-GA\javassist-3.21.0-GA.jar;D:\maven\mavenrepository\com\google\guava\guava\18.0\guava-18.0.jar;D:\maven\mavenrepository\com\fasterxml\classmate\1.4.0\classmate-1.4.0.jar;D:\maven\mavenrepository\org\slf4j\slf4j-api\1.7.25\slf4j-api-1.7.25.jar;D:\maven\mavenrepository\org\springframework\plugin\spring-plugin-core\1.2.0.RELEASE\spring-plugin-core-1.2.0.RELEASE.jar;D:\maven\mavenrepository\org\springframework\plugin\spring-plugin-metadata\1.2.0.RELEASE\spring-plugin-metadata-1.2.0.RELEASE.jar;D:\maven\mavenrepository\org\mapstruct\mapstruct\1.1.0.Final\mapstruct-1.1.0.Final.jar;D:\maven\mavenrepository\io\springfox\springfox-swagger-ui\2.7.0\springfox-swagger-ui-2.7.0.jar;D:\maven\mavenrepository\org\springframework\boot\spring-boot-starter-aop\2.1.2.RELEASE\spring-boot-starter-aop-2.1.2.RELEASE.jar;D:\maven\mavenrepository\org\springframework\spring-aop\5.1.4.RELEASE\spring-aop-5.1.4.RELEASE.jar;D:\maven\mavenrepository\org\aspectj\aspectjweaver\1.9.2\aspectjweaver-1.9.2.jar;D:\maven\mavenrepository\org\springframework\boot\spring-boot-devtools\2.1.2.RELEASE\spring-boot-devtools-2.1.2.RELEASE.jar;D:\maven\mavenrepository\org\springframework\boot\spring-boot\2.1.2.RELEASE\spring-boot-2.1.2.RELEASE.jar;D:\maven\mavenrepository\org\springframework\boot\spring-boot-autoconfigure\2.1.2.RELEASE\spring-boot-autoconfigure-2.1.2.RELEASE.jar;"/>
    <property name="java.vm.vendor" value="Oracle Corporation"/>
    <property name="sun.arch.data.model" value="64"/>
    <property name="user.variant" value=""/>
    <property name="java.vendor.url" value="http://java.oracle.com/"/>
    <property name="user.timezone" value="Asia/Shanghai"/>
    <property name="java.vm.specification.version" value="1.8"/>
    <property name="os.name" value="Windows 10"/>
    <property name="user.country" value="CN"/>
    <property name="sun.java.launcher" value="SUN_STANDARD"/>
    <property name="sun.boot.library.path" value="D:\JAVAjdk\jdk1.8.0_171\jre\bin"/>
    <property name="sun.java.command" value="C:\Users\文文\AppData\Local\Temp\surefire5877646319883903090\surefirebooter8582602260245881585.jar C:\Users\文文\AppData\Local\Temp\surefire5877646319883903090 2020-02-21T19-47-29_535-jvmRun1 surefire8588900955816121317tmp surefire_08514965727486161111tmp"/>
    <property name="surefire.test.class.path" value="F:\IDEAWoekspace\springbootvip\target\test-classes;F:\IDEAWoekspace\springbootvip\target\classes;D:\maven\mavenrepository\org\springframework\boot\spring-boot-starter-web\2.1.2.RELEASE\spring-boot-starter-web-2.1.2.RELEASE.jar;D:\maven\mavenrepository\org\springframework\boot\spring-boot-starter\2.1.2.RELEASE\spring-boot-starter-2.1.2.RELEASE.jar;D:\maven\mavenrepository\javax\annotation\javax.annotation-api\1.3.2\javax.annotation-api-1.3.2.jar;D:\maven\mavenrepository\org\yaml\snakeyaml\1.23\snakeyaml-1.23.jar;D:\maven\mavenrepository\org\springframework\boot\spring-boot-starter-json\2.1.2.RELEASE\spring-boot-starter-json-2.1.2.RELEASE.jar;D:\maven\mavenrepository\com\fasterxml\jackson\core\jackson-databind\2.9.8\jackson-databind-2.9.8.jar;D:\maven\mavenrepository\com\fasterxml\jackson\core\jackson-core\2.9.8\jackson-core-2.9.8.jar;D:\maven\mavenrepository\com\fasterxml\jackson\datatype\jackson-datatype-jdk8\2.9.8\jackson-datatype-jdk8-2.9.8.jar;D:\maven\mavenrepository\com\fasterxml\jackson\datatype\jackson-datatype-jsr310\2.9.8\jackson-datatype-jsr310-2.9.8.jar;D:\maven\mavenrepository\com\fasterxml\jackson\module\jackson-module-parameter-names\2.9.8\jackson-module-parameter-names-2.9.8.jar;D:\maven\mavenrepository\org\springframework\boot\spring-boot-starter-tomcat\2.1.2.RELEASE\spring-boot-starter-tomcat-2.1.2.RELEASE.jar;D:\maven\mavenrepository\org\apache\tomcat\embed\tomcat-embed-core\9.0.14\tomcat-embed-core-9.0.14.jar;D:\maven\mavenrepository\org\apache\tomcat\embed\tomcat-embed-el\9.0.14\tomcat-embed-el-9.0.14.jar;D:\maven\mavenrepository\org\apache\tomcat\embed\tomcat-embed-websocket\9.0.14\tomcat-embed-websocket-9.0.14.jar;D:\maven\mavenrepository\org\hibernate\validator\hibernate-validator\6.0.14.Final\hibernate-validator-6.0.14.Final.jar;D:\maven\mavenrepository\javax\validation\validation-api\2.0.1.Final\validation-api-2.0.1.Final.jar;D:\maven\mavenrepository\org\jboss\logging\jboss-logging\3.3.2.Final\jboss-logging-3.3.2.Final.jar;D:\maven\mavenrepository\org\springframework\spring-web\5.1.4.RELEASE\spring-web-5.1.4.RELEASE.jar;D:\maven\mavenrepository\org\springframework\spring-beans\5.1.4.RELEASE\spring-beans-5.1.4.RELEASE.jar;D:\maven\mavenrepository\org\springframework\spring-webmvc\5.1.4.RELEASE\spring-webmvc-5.1.4.RELEASE.jar;D:\maven\mavenrepository\org\springframework\spring-context\5.1.4.RELEASE\spring-context-5.1.4.RELEASE.jar;D:\maven\mavenrepository\org\springframework\spring-expression\5.1.4.RELEASE\spring-expression-5.1.4.RELEASE.jar;D:\maven\mavenrepository\org\springframework\boot\spring-boot-starter-log4j2\2.1.2.RELEASE\spring-boot-starter-log4j2-2.1.2.RELEASE.jar;D:\maven\mavenrepository\org\apache\logging\log4j\log4j-slf4j-impl\2.11.1\log4j-slf4j-impl-2.11.1.jar;D:\maven\mavenrepository\org\apache\logging\log4j\log4j-api\2.11.1\log4j-api-2.11.1.jar;D:\maven\mavenrepository\org\apache\logging\log4j\log4j-core\2.11.1\log4j-core-2.11.1.jar;D:\maven\mavenrepository\org\apache\logging\log4j\log4j-jul\2.11.1\log4j-jul-2.11.1.jar;D:\maven\mavenrepository\org\slf4j\jul-to-slf4j\1.7.25\jul-to-slf4j-1.7.25.jar;D:\maven\mavenrepository\org\mybatis\spring\boot\mybatis-spring-boot-starter\1.2.0\mybatis-spring-boot-starter-1.2.0.jar;D:\maven\mavenrepository\org\springframework\boot\spring-boot-starter-jdbc\2.1.2.RELEASE\spring-boot-starter-jdbc-2.1.2.RELEASE.jar;D:\maven\mavenrepository\com\zaxxer\HikariCP\3.2.0\HikariCP-3.2.0.jar;D:\maven\mavenrepository\org\springframework\spring-jdbc\5.1.4.RELEASE\spring-jdbc-5.1.4.RELEASE.jar;D:\maven\mavenrepository\org\springframework\spring-tx\5.1.4.RELEASE\spring-tx-5.1.4.RELEASE.jar;D:\maven\mavenrepository\org\mybatis\spring\boot\mybatis-spring-boot-autoconfigure\1.2.0\mybatis-spring-boot-autoconfigure-1.2.0.jar;D:\maven\mavenrepository\org\mybatis\mybatis\3.4.2\mybatis-3.4.2.jar;D:\maven\mavenrepository\org\mybatis\mybatis-spring\1.3.1\mybatis-spring-1.3.1.jar;D:\maven\mavenrepository\mysql\mysql-connector-java\8.0.13\mysql-connector-java-8.0.13.jar;D:\maven\mavenrepository\org\springframework\boot\spring-boot-starter-test\2.1.2.RELEASE\spring-boot-starter-test-2.1.2.RELEASE.jar;D:\maven\mavenrepository\org\springframework\boot\spring-boot-test\2.1.2.RELEASE\spring-boot-test-2.1.2.RELEASE.jar;D:\maven\mavenrepository\org\springframework\boot\spring-boot-test-autoconfigure\2.1.2.RELEASE\spring-boot-test-autoconfigure-2.1.2.RELEASE.jar;D:\maven\mavenrepository\com\jayway\jsonpath\json-path\2.4.0\json-path-2.4.0.jar;D:\maven\mavenrepository\net\minidev\json-smart\2.3\json-smart-2.3.jar;D:\maven\mavenrepository\net\minidev\accessors-smart\1.2\accessors-smart-1.2.jar;D:\maven\mavenrepository\org\ow2\asm\asm\5.0.4\asm-5.0.4.jar;D:\maven\mavenrepository\junit\junit\4.12\junit-4.12.jar;D:\maven\mavenrepository\org\assertj\assertj-core\3.11.1\assertj-core-3.11.1.jar;D:\maven\mavenrepository\org\mockito\mockito-core\2.23.4\mockito-core-2.23.4.jar;D:\maven\mavenrepository\net\bytebuddy\byte-buddy\1.9.7\byte-buddy-1.9.7.jar;D:\maven\mavenrepository\net\bytebuddy\byte-buddy-agent\1.9.7\byte-buddy-agent-1.9.7.jar;D:\maven\mavenrepository\org\objenesis\objenesis\2.6\objenesis-2.6.jar;D:\maven\mavenrepository\org\hamcrest\hamcrest-core\1.3\hamcrest-core-1.3.jar;D:\maven\mavenrepository\org\hamcrest\hamcrest-library\1.3\hamcrest-library-1.3.jar;D:\maven\mavenrepository\org\skyscreamer\jsonassert\1.5.0\jsonassert-1.5.0.jar;D:\maven\mavenrepository\com\vaadin\external\google\android-json\0.0.20131108.vaadin1\android-json-0.0.20131108.vaadin1.jar;D:\maven\mavenrepository\org\springframework\spring-core\5.1.4.RELEASE\spring-core-5.1.4.RELEASE.jar;D:\maven\mavenrepository\org\springframework\spring-jcl\5.1.4.RELEASE\spring-jcl-5.1.4.RELEASE.jar;D:\maven\mavenrepository\org\springframework\spring-test\5.1.4.RELEASE\spring-test-5.1.4.RELEASE.jar;D:\maven\mavenrepository\org\xmlunit\xmlunit-core\2.6.2\xmlunit-core-2.6.2.jar;D:\maven\mavenrepository\org\springframework\boot\spring-boot-starter-thymeleaf\2.1.2.RELEASE\spring-boot-starter-thymeleaf-2.1.2.RELEASE.jar;D:\maven\mavenrepository\org\thymeleaf\thymeleaf-spring5\3.0.11.RELEASE\thymeleaf-spring5-3.0.11.RELEASE.jar;D:\maven\mavenrepository\org\thymeleaf\thymeleaf\3.0.11.RELEASE\thymeleaf-3.0.11.RELEASE.jar;D:\maven\mavenrepository\org\attoparser\attoparser\2.0.5.RELEASE\attoparser-2.0.5.RELEASE.jar;D:\maven\mavenrepository\org\unbescape\unbescape\1.1.6.RELEASE\unbescape-1.1.6.RELEASE.jar;D:\maven\mavenrepository\org\thymeleaf\extras\thymeleaf-extras-java8time\3.0.2.RELEASE\thymeleaf-extras-java8time-3.0.2.RELEASE.jar;D:\maven\mavenrepository\io\springfox\springfox-swagger2\2.7.0\springfox-swagger2-2.7.0.jar;D:\maven\mavenrepository\io\swagger\swagger-annotations\1.5.13\swagger-annotations-1.5.13.jar;D:\maven\mavenrepository\io\swagger\swagger-models\1.5.13\swagger-models-1.5.13.jar;D:\maven\mavenrepository\com\fasterxml\jackson\core\jackson-annotations\2.9.0\jackson-annotations-2.9.0.jar;D:\maven\mavenrepository\io\springfox\springfox-spi\2.7.0\springfox-spi-2.7.0.jar;D:\maven\mavenrepository\io\springfox\springfox-core\2.7.0\springfox-core-2.7.0.jar;D:\maven\mavenrepository\io\springfox\springfox-schema\2.7.0\springfox-schema-2.7.0.jar;D:\maven\mavenrepository\io\springfox\springfox-swagger-common\2.7.0\springfox-swagger-common-2.7.0.jar;D:\maven\mavenrepository\io\springfox\springfox-spring-web\2.7.0\springfox-spring-web-2.7.0.jar;D:\maven\mavenrepository\org\reflections\reflections\0.9.11\reflections-0.9.11.jar;D:\maven\mavenrepository\org\javassist\javassist\3.21.0-GA\javassist-3.21.0-GA.jar;D:\maven\mavenrepository\com\google\guava\guava\18.0\guava-18.0.jar;D:\maven\mavenrepository\com\fasterxml\classmate\1.4.0\classmate-1.4.0.jar;D:\maven\mavenrepository\org\slf4j\slf4j-api\1.7.25\slf4j-api-1.7.25.jar;D:\maven\mavenrepository\org\springframework\plugin\spring-plugin-core\1.2.0.RELEASE\spring-plugin-core-1.2.0.RELEASE.jar;D:\maven\mavenrepository\org\springframework\plugin\spring-plugin-metadata\1.2.0.RELEASE\spring-plugin-metadata-1.2.0.RELEASE.jar;D:\maven\mavenrepository\org\mapstruct\mapstruct\1.1.0.Final\mapstruct-1.1.0.Final.jar;D:\maven\mavenrepository\io\springfox\springfox-swagger-ui\2.7.0\springfox-swagger-ui-2.7.0.jar;D:\maven\mavenrepository\org\springframework\boot\spring-boot-starter-aop\2.1.2.RELEASE\spring-boot-starter-aop-2.1.2.RELEASE.jar;D:\maven\mavenrepository\org\springframework\spring-aop\5.1.4.RELEASE\spring-aop-5.1.4.RELEASE.jar;D:\maven\mavenrepository\org\aspectj\aspectjweaver\1.9.2\aspectjweaver-1.9.2.jar;D:\maven\mavenrepository\org\springframework\boot\spring-boot-devtools\2.1.2.RELEASE\spring-boot-devtools-2.1.2.RELEASE.jar;D:\maven\mavenrepository\org\springframework\boot\spring-boot\2.1.2.RELEASE\spring-boot-2.1.2.RELEASE.jar;D:\maven\mavenrepository\org\springframework\boot\spring-boot-autoconfigure\2.1.2.RELEASE\spring-boot-autoconfigure-2.1.2.RELEASE.jar;"/>
    <property name="sun.cpu.endian" value="little"/>
    <property name="user.home" value="C:\Users\文文"/>
    <property name="user.language" value="zh"/>
    <property name="java.specification.vendor" value="Oracle Corporation"/>
    <property name="java.home" value="D:\JAVAjdk\jdk1.8.0_171\jre"/>
    <property name="basedir" value="F:\IDEAWoekspace\springbootvip"/>
    <property name="file.separator" value="\"/>
    <property name="line.separator" value="&#10;"/>
    <property name="java.vm.specification.vendor" value="Oracle Corporation"/>
    <property name="java.specification.name" value="Java Platform API Specification"/>
    <property name="java.awt.graphicsenv" value="sun.awt.Win32GraphicsEnvironment"/>
    <property name="surefire.real.class.path" value="C:\Users\文文\AppData\Local\Temp\surefire5877646319883903090\surefirebooter8582602260245881585.jar"/>
    <property name="sun.boot.class.path" value="D:\JAVAjdk\jdk1.8.0_171\jre\lib\resources.jar;D:\JAVAjdk\jdk1.8.0_171\jre\lib\rt.jar;D:\JAVAjdk\jdk1.8.0_171\jre\lib\sunrsasign.jar;D:\JAVAjdk\jdk1.8.0_171\jre\lib\jsse.jar;D:\JAVAjdk\jdk1.8.0_171\jre\lib\jce.jar;D:\JAVAjdk\jdk1.8.0_171\jre\lib\charsets.jar;D:\JAVAjdk\jdk1.8.0_171\jre\lib\jfr.jar;D:\JAVAjdk\jdk1.8.0_171\jre\classes"/>
    <property name="user.script" value=""/>
    <property name="sun.management.compiler" value="HotSpot 64-Bit Tiered Compilers"/>
    <property name="java.runtime.version" value="1.8.0_171-b11"/>
    <property name="user.name" value="文文"/>
    <property name="path.separator" value=";"/>
    <property name="os.version" value="10.0"/>
    <property name="java.endorsed.dirs" value="D:\JAVAjdk\jdk1.8.0_171\jre\lib\endorsed"/>
    <property name="java.runtime.name" value="Java(TM) SE Runtime Environment"/>
    <property name="file.encoding" value="GBK"/>
    <property name="java.vm.name" value="Java HotSpot(TM) 64-Bit Server VM"/>
    <property name="localRepository" value="D:\maven\mavenrepository"/>
    <property name="java.vendor.url.bug" value="http://bugreport.sun.com/bugreport/"/>
    <property name="java.io.tmpdir" value="C:\Users\文文\AppData\Local\Temp\"/>
    <property name="java.version" value="1.8.0_171"/>
    <property name="user.dir" value="F:\IDEAWoekspace\springbootvip"/>
    <property name="os.arch" value="amd64"/>
    <property name="java.vm.specification.name" value="Java Virtual Machine Specification"/>
    <property name="java.awt.printerjob" value="sun.awt.windows.WPrinterJob"/>
    <property name="sun.os.patch.level" value=""/>
    <property name="java.library.path" value="D:\JAVAjdk\jdk1.8.0_171\jre\bin;C:\WINDOWS\Sun\Java\bin;C:\WINDOWS\system32;C:\WINDOWS;C:\Program Files (x86)\Common Files\NetSarang;C:\Windows\system32;C:\Windows;C:\Windows\System32\Wbem;C:\Windows\System32\WindowsPowerShell\v1.0\;C:\Windows\System32\OpenSSH\;C:\Program Files (x86)\NVIDIA Corporation\PhysX\Common;C:\Program Files\NVIDIA Corporation\NVIDIA NvDLISR;C:\Program Files\Intel\WiFi\bin\;C:\Program Files\Common Files\Intel\WirelessCommon\;D:\JAVAjdk\jdk1.8.0_171\bin;D:\TortoiseSVN\bin;C:\WINDOWS\system32;C:\WINDOWS;C:\WINDOWS\System32\Wbem;C:\WINDOWS\System32\WindowsPowerShell\v1.0\;C:\WINDOWS\System32\OpenSSH\;D:\maven\apache-maven-3.3.9IDEA\bin;C:\Users\文文\AppData\Local\Microsoft\WindowsApps;;."/>
    <property name="java.vm.info" value="mixed mode"/>
    <property name="java.vendor" value="Oracle Corporation"/>
    <property name="java.vm.version" value="25.171-b11"/>
    <property name="java.ext.dirs" value="D:\JAVAjdk\jdk1.8.0_171\jre\lib\ext;C:\WINDOWS\Sun\Java\lib\ext"/>
    <property name="sun.io.unicode.encoding" value="UnicodeLittle"/>
    <property name="java.class.version" value="52.0"/>
  </properties>
  <testcase name="testApp" classname="cn.enjoy.test.UserTest" time="0.397"/>
  <testcase name="testFindUser" classname="cn.enjoy.test.UserTest" time="0.022"/>
</testsuite>